Compiled jquery.js  (3ms)  (pid 38770)
Compiled jquery_ujs.js  (0ms)  (pid 38770)
Compiled bootstrap.js  (0ms)  (pid 38770)
Compiled bootstrap.min.js  (0ms)  (pid 38770)
Compiled users.js  (130ms)  (pid 38770)
Compiled application.js  (196ms)  (pid 38770)
Compiled bootstrap-theme.css  (0ms)  (pid 38770)
Compiled bootstrap-theme.min.css  (0ms)  (pid 38770)
Compiled bootstrap.css  (1ms)  (pid 38770)
Compiled bootstrap.min.css  (1ms)  (pid 38770)
Compiled users.css  (11ms)  (pid 38770)
Compiled application.css  (49ms)  (pid 38770)
Compiled jquery.js  (1ms)  (pid 38770)
Compiled jquery_ujs.js  (0ms)  (pid 38770)
Compiled bootstrap.js  (0ms)  (pid 38770)
Compiled bootstrap.min.js  (0ms)  (pid 38770)
Compiled users.js  (72ms)  (pid 38770)
Compiled application.js  (131ms)  (pid 38770)
Compiled bootstrap-theme.css  (0ms)  (pid 38770)
Compiled bootstrap-theme.min.css  (0ms)  (pid 38770)
Compiled bootstrap.css  (0ms)  (pid 38770)
Compiled bootstrap.min.css  (0ms)  (pid 38770)
Compiled users.css  (7ms)  (pid 38770)
Compiled application.css  (39ms)  (pid 38770)
